23:52:07 Starting EasyTAG 2.1.6 (PId: 21471) ...
23:52:07 Currently using libid3tag version 0.15.1 (beta) ...
23:52:07 Currently using id3lib version 3.8.3 ...
23:52:07 Currently using locale 'en_GB.UTF-8' (and eventually 'ISO-8859-1')...
23:52:16 Automatic corrections applied for file '/home/sio/music/Survivor/1979 - Survivor/06 - Survivor - Love Has Got Me.MP3'.
23:52:16 Automatic corrections applied for file '/home/sio/music/Survivor/1979 - Survivor/07 - Survivor - Whole Town's Talkin'.MP3'.
23:52:16 Automatic corrections applied for file '/home/sio/music/Survivor/1979 - Survivor/01 - Survivor - Somewhere In America.MP3'.
23:52:16 Automatic corrections applied for file '/home/sio/music/Survivor/1979 - Survivor/08 - Survivor - 20-20.MP3'.
23:52:16 Automatic corrections applied for file '/home/sio/music/Survivor/1979 - Survivor/09 - Survivor - Freelance.MP3'.
23:52:16 Automatic corrections applied for file '/home/sio/music/Survivor/1979 - Survivor/04 - Survivor - As Soon As Love Finds Me.MP3'.
23:52:16 Automatic corrections applied for file '/home/sio/music/Survivor/1979 - Survivor/05 - Survivor - Youngblood.MP3'.
23:52:16 Automatic corrections applied for file '/home/sio/music/Survivor/1979 - Survivor/11 - Survivor - Whatever It Takes.MP3'.
23:52:16 Automatic corrections applied for file '/home/sio/music/Survivor/1979 - Survivor/10 - Survivor - Nothing Can Shake Me (From Your Love).MP3'.
23:52:16 Automatic corrections applied for file '/home/sio/music/Survivor/1979 - Survivor/03 - Survivor - Let It Be Now.MP3'.
23:52:16 Automatic corrections applied for file '/home/sio/music/Survivor/1979 - Survivor/02 - Survivor - Can't Getcha Offa My Mind.MP3'.
23:52:26 Automatic corrections applied for file '/home/sio/music/Survivor/1982 - Eye Of The Tiger/08 - Survivor - American Heartbeat.MP3'.
23:52:26 Automatic corrections applied for file '/home/sio/music/Survivor/1982 - Eye Of The Tiger/09 - Survivor - Silver Girl.MP3'.
23:52:26 Automatic corrections applied for file '/home/sio/music/Survivor/1982 - Eye Of The Tiger/01 - Survivor - Eye Of The Tiger.MP3'.
23:52:26 Automatic corrections applied for file '/home/sio/music/Survivor/1982 - Eye Of The Tiger/06 - Survivor - Children Of The Night.MP3'.
23:52:26 Automatic corrections applied for file '/home/sio/music/Survivor/1982 - Eye Of The Tiger/02 - Survivor - Feels Like Love.MP3'.
23:52:26 Automatic corrections applied for file '/home/sio/music/Survivor/1982 - Eye Of The Tiger/04 - Survivor - The One That Really Matters.MP3'.
23:52:26 Automatic corrections applied for file '/home/sio/music/Survivor/1982 - Eye Of The Tiger/07 - Survivor - Ever Since The World Began.MP3'.
23:52:26 Automatic corrections applied for file '/home/sio/music/Survivor/1982 - Eye Of The Tiger/05 - Survivor - I'm Not That Man Anymore.MP3'.
23:52:26 Automatic corrections applied for file '/home/sio/music/Survivor/1982 - Eye Of The Tiger/03 - Survivor - Hesitation Dance.MP3'.
23:52:34 Automatic corrections applied for file '/home/sio/music/Survivor/1984 - Vital Signs/09 - Survivor - I See You In Everyone.mp3'.
23:52:34 Automatic corrections applied for file '/home/sio/music/Survivor/1984 - Vital Signs/05 - Survivor - Broken Promises.MP3'.
23:52:34 Automatic corrections applied for file '/home/sio/music/Survivor/1984 - Vital Signs/06 - Survivor - Popular Girl.MP3'.
23:52:34 Automatic corrections applied for file '/home/sio/music/Survivor/1984 - Vital Signs/07 - Survivor - Everlasting.MP3'.
23:52:34 Automatic corrections applied for file '/home/sio/music/Survivor/1984 - Vital Signs/02 - Survivor - High On You.MP3'.
23:52:34 Automatic corrections applied for file '/home/sio/music/Survivor/1984 - Vital Signs/08 - Survivor - It's The Singer Not The Song.MP3'.
23:52:34 Automatic corrections applied for file '/home/sio/music/Survivor/1984 - Vital Signs/04 - Survivor - The Search Is Over.MP3'.
23:52:34 Automatic corrections applied for file '/home/sio/music/Survivor/1984 - Vital Signs/01 - Survivor - I Can't Hold Back.MP3'.
23:52:34 Automatic corrections applied for file '/home/sio/music/Survivor/1984 - Vital Signs/03 - Survivor - First Night.MP3'.
23:52:38 EasyTAG: Normal exit.
