2011-03-11T20:52:39 Checking update-file '/usr/share/kde4/apps/kconf_update/kcmdisplayrc.upd' for new updates
2011-03-11T20:52:39 kcmdisplayrc.upd: Found new update 'kde3'
2011-03-11T20:52:39 kcmdisplayrc.upd: File 'kcmdisplayrc' does not exist or empty, skipping
2011-03-11T20:52:39 Checking update-file '/usr/share/kde4/apps/kconf_update/audiocd.upd' for new updates
2011-03-11T20:52:39 audiocd.upd: Found new update '1'
2011-03-11T20:52:39 audiocd.upd: File 'kcmaudiocdrc' does not exist or empty, skipping
2011-03-11T20:52:39 Checking update-file '/usr/share/kde4/apps/kconf_update/kwin_on_off.upd' for new updates
2011-03-11T20:52:39 kwin_on_off.upd: Found new update 'kwin_on_off'
2011-03-11T20:52:39 kwin_on_off.upd: File 'kwinrc' does not exist or empty, skipping
2011-03-11T20:52:39 Checking update-file '/usr/share/kde4/apps/kconf_update/kuriikwsfilter.upd' for new updates
2011-03-11T20:52:39 kuriikwsfilter.upd: Found new update 'post-kde3.1/cvs'
2011-03-11T20:52:39 kuriikwsfilter.upd: File 'kuriikwsfilterrc' does not exist or empty, skipping
2011-03-11T20:52:39 Checking update-file '/usr/share/kde4/apps/kconf_update/plasma-to-plasmadesktop-shortcuts.upd' for new updates
2011-03-11T20:52:39 plasma-to-plasmadesktop-shortcuts.upd: Found new update '4.3plasma-desktop-shortcuts'
2011-03-11T20:52:39 plasma-to-plasmadesktop-shortcuts.upd: File 'kglobalshortcutsrc' does not exist or empty, skipping
2011-03-11T20:52:39 Checking update-file '/usr/share/kde4/apps/kconf_update/kio_help.upd' for new updates
2011-03-11T20:52:39 kio_help.upd: Found new update 'kde3_2'
2011-03-11T20:52:39 kio_help.upd: Running script 'move_kio_help_cache.sh'
2011-03-11T20:52:39 [Script] mv: cannot stat `/home/sio/.kde/share/apps/kio_help/cache': No such file or directory
2011-03-11T20:52:39 [Script] rmdir: failed to remove `/home/sio/.kde/share/apps/kio_help': No such file or directory
2011-03-11T20:52:39 Checking update-file '/usr/share/kde4/apps/kconf_update/kdeui.upd' for new updates
2011-03-11T20:52:39 kdeui.upd: Found new update 'kde4/migrate_from_kde3_icon_theme'
2011-03-11T20:52:39 kdeui.upd: Running script 'migrate_from_kde3_icon_theme'
2011-03-11T20:52:39 Checking update-file '/usr/share/kde4/apps/kconf_update/kwinsticky.upd' for new updates
2011-03-11T20:52:39 kwinsticky.upd: Found new update 'stickyupd3.1'
2011-03-11T20:52:39 kwinsticky.upd: File 'kwin.eventsrc' does not exist or empty, skipping
2011-03-11T20:52:39 Checking update-file '/usr/share/kde4/apps/kconf_update/plasmarc-to-plasmadesktoprc.upd' for new updates
2011-03-11T20:52:39 plasmarc-to-plasmadesktoprc.upd: Found new update '4.3plasma-desktop'
2011-03-11T20:52:39 plasmarc-to-plasmadesktoprc.upd: Running script 'plasma-to-plasma-desktop'
2011-03-11T20:52:40 Checking update-file '/usr/share/kde4/apps/kconf_update/kcookiescfg.upd' for new updates
2011-03-11T20:52:40 kcookiescfg.upd: Found new update 'kde2.2/b1'
2011-03-11T20:52:40 kcookiescfg.upd: File 'kcookiejarrc' does not exist or empty, skipping
2011-03-11T20:52:40 kcookiescfg.upd: Found new update 'kde3.1/cvs'
2011-03-11T20:52:40 kcookiescfg.upd: File 'kcookiejarrc' does not exist or empty, skipping
2011-03-11T20:52:40 Checking update-file '/usr/share/kde4/apps/kconf_update/kwin_fsp_workarounds_1.upd' for new updates
2011-03-11T20:52:40 kwin_fsp_workarounds_1.upd: Found new update 'kde351'
2011-03-11T20:52:40 kwin_fsp_workarounds_1.upd: Running script 'kwin_update_default_rules' with arguments 'fsp_workarounds_1.kwinrules'
2011-03-11T20:52:40 Checking update-file '/usr/share/kde4/apps/kconf_update/ksmserver.upd' for new updates
2011-03-11T20:52:40 ksmserver.upd: Found new update 'kde3'
2011-03-11T20:52:40 ksmserver.upd: File 'ksmserverrc' does not exist or empty, skipping
2011-03-11T20:52:40 Checking update-file '/usr/share/kde4/apps/kconf_update/kwin3_plugin.upd' for new updates
2011-03-11T20:52:40 kwin3_plugin.upd: Found new update 'kde3.2'
2011-03-11T20:52:40 kwin3_plugin.upd: File 'kwinrc' does not exist or empty, skipping
2011-03-11T20:52:40 Checking update-file '/usr/share/kde4/apps/kconf_update/ksslcertificatemanager.upd' for new updates
2011-03-11T20:52:40 ksslcertificatemanager.upd: Found new update 'kde4.2'
2011-03-11T20:52:40 ksslcertificatemanager.upd: Running script 'ksslcertificatemanager.upd.sh'
2011-03-11T20:52:40 [Script] rm: cannot remove `/home/sio/.kde//share/config/ksslcertificatemanager': No such file or directory
2011-03-11T20:52:40 ksslcertificatemanager.upd: !! An error occurred while running 'sh /usr/share/kde4/apps/kconf_update/ksslcertificatemanager.upd.sh'
2011-03-11T20:52:40 Checking update-file '/usr/share/kde4/apps/kconf_update/kaccel.upd' for new updates
2011-03-11T20:52:40 kaccel.upd: Found new update 'kde3.3/r1'
2011-03-11T20:52:40 kaccel.upd: Running script 'convertShortcuts.pl'
2011-03-11T20:52:40 Checking update-file '/usr/share/kde4/apps/kconf_update/kded.upd' for new updates
2011-03-11T20:52:40 kded.upd: Found new update 'kde3.0'
2011-03-11T20:52:40 kded.upd: File 'kdedrc' does not exist or empty, skipping
2011-03-11T20:52:40 Checking update-file '/usr/share/kde4/apps/kconf_update/plasma_popupapplet_fix_groups.upd' for new updates
2011-03-11T20:52:40 plasma_popupapplet_fix_groups.upd: Found new update 'PlasmaPopupAppletFixGroups1'
2011-03-11T20:52:40 plasma_popupapplet_fix_groups.upd: File 'plasma-appletsrc' does not exist or empty, skipping
2011-03-11T20:52:40 plasma_popupapplet_fix_groups.upd: Found new update 'PlasmaPopupAppletFixGroups2'
2011-03-11T20:52:40 plasma_popupapplet_fix_groups.upd: File 'plasmarc' does not exist or empty, skipping
2011-03-11T20:52:40 plasma_popupapplet_fix_groups.upd: Found new update 'PlasmaPopupAppletFixGroups3'
2011-03-11T20:52:40 plasma_popupapplet_fix_groups.upd: File 'plasmoidviewer-appletsrc' does not exist or empty, skipping
2011-03-11T20:52:40 Checking update-file '/usr/share/kde4/apps/kconf_update/plasma-add-shortcut-to-menu.upd' for new updates
2011-03-11T20:52:40 plasma-add-shortcut-to-menu.upd: Found new update '4.1LauncherShortcut'
2011-03-11T20:52:40 plasma-add-shortcut-to-menu.upd: !! Script 'plasma-add-shortcut-to-menu-update' not found in line 2 : 'Script=plasma-add-shortcut-to-menu-update'
2011-03-11T20:52:40 Checking update-file '/usr/share/kde4/apps/kconf_update/kwinupdatewindowsettings.upd' for new updates
2011-03-11T20:52:40 kwinupdatewindowsettings.upd: Found new update 'kde33b1'
2011-03-11T20:52:40 kwinupdatewindowsettings.upd: Running script 'kwin_update_window_settings'
2011-03-11T20:52:40 Checking update-file '/usr/share/kde4/apps/kconf_update/kioslave.upd' for new updates
2011-03-11T20:52:40 kioslave.upd: Found new update 'kde2.2/r1'
2011-03-11T20:52:40 kioslave.upd: File 'kioslaverc' does not exist or empty, skipping
2011-03-11T20:52:40 kioslave.upd: Skipping update 'kde2.2/r1'
2011-03-11T20:52:40 kioslave.upd: File 'kioslaverc' does not exist or empty, skipping
2011-03-11T20:52:40 kioslave.upd: Found new update 'kde2.2/r2'
2011-03-11T20:52:40 kioslave.upd: File 'kioslaverc' does not exist or empty, skipping
2011-03-11T20:52:40 kioslave.upd: Found new update 'kde2.2/r3'
2011-03-11T20:52:40 kioslave.upd: File 'kioslaverc' does not exist or empty, skipping
2011-03-11T20:52:40 Checking update-file '/usr/share/kde4/apps/kconf_update/mailtransports.upd' for new updates
2011-03-11T20:52:40 mailtransports.upd: Found new update 'initial-kmail-migration'
2011-03-11T20:52:40 mailtransports.upd: File 'kmailrc' does not exist or empty, skipping
2011-03-11T20:52:40 mailtransports.upd: Found new update 'initial-knode-migration'
2011-03-11T20:52:40 mailtransports.upd: File 'knoderc' does not exist or empty, skipping
2011-03-11T20:52:40 Checking update-file '/usr/share/kde4/apps/kconf_update/kwin_focus2.upd' for new updates
2011-03-11T20:52:40 kwin_focus2.upd: Found new update 'kwin_focus2'
2011-03-11T20:52:40 kwin_focus2.upd: File 'kwinrc' does not exist or empty, skipping
2011-03-11T20:52:40 Checking update-file '/usr/share/kde4/apps/kconf_update/devicepreference.upd' for new updates
2011-03-11T20:52:40 devicepreference.upd: Found new update 'DevicesMovedToPlatformPlugin'
2011-03-11T20:52:40 devicepreference.upd: Running script 'phonon_devicepreference_update'
2011-03-11T20:52:40 devicepreference.upd: Found new update 'DevicesUIDsChanged'
2011-03-11T20:52:40 devicepreference.upd: Running script 'phonon_deviceuids_update'
2011-03-11T20:52:40 Checking update-file '/usr/share/kde4/apps/kconf_update/kwin_update_tabbox_settings.upd' for new updates
2011-03-11T20:52:40 kwin_update_tabbox_settings.upd: Found new update 'Kwin-4.4'
2011-03-11T20:52:40 kwin_update_tabbox_settings.upd: Running script 'kwin_update_tabbox_settings'
2011-03-11T20:52:40 Checking update-file '/usr/share/kde4/apps/kconf_update/kwiniconify.upd' for new updates
2011-03-11T20:52:40 kwiniconify.upd: Found new update 'iconifyupd3.1'
2011-03-11T20:52:40 kwiniconify.upd: File 'kwin.eventsrc' does not exist or empty, skipping
2011-03-11T20:52:40 Checking update-file '/usr/share/kde4/apps/kconf_update/kwin.upd' for new updates
2011-03-11T20:52:40 kwin.upd: Found new update 'kde3.0r1'
2011-03-11T20:52:40 kwin.upd: Running script 'pluginlibFix.pl'
2011-03-11T20:52:40 kwin.upd: Updating kwinrc:TabBox:ListMode to '0'
2011-03-11T20:52:40 kwin.upd: Updating kwinrc:TabBox:ShowTabBox to 'true'
2011-03-11T20:52:40 kwin.upd: Found new update 'kde3.2Xinerama'
2011-03-11T20:52:40 Checking update-file '/usr/share/kde4/apps/kconf_update/kwin_focus1.upd' for new updates
2011-03-11T20:52:40 kwin_focus1.upd: Found new update 'kwin_focus1'
2011-03-11T20:52:40 kwin_focus1.upd: Running script 'kwin_focus1.sh'
2011-03-11T20:52:40 Checking update-file '/usr/share/kde4/apps/kconf_update/krdb.upd' for new updates
2011-03-11T20:52:40 krdb.upd: Found new update 'LibraryPathNeedsANewStart'
2011-03-11T20:52:40 krdb.upd: Running script 'krdb_clearlibrarypath'
2011-03-11T20:52:40 Checking update-file '/usr/share/kde4/apps/kconf_update/kwin_window_shortcuts.upd' for new updates
2011-03-11T20:52:40 kwin_window_shortcuts.upd: Found new update 'kde414'
2011-03-11T20:52:40 kwin_window_shortcuts.upd: File 'kglobalshortcutsrc' does not exist or empty, skipping
2011-03-11T20:52:40 Checking update-file '/usr/share/kde4/apps/kconf_update/mouse_cursor_theme.upd' for new updates
2011-03-11T20:52:40 mouse_cursor_theme.upd: Found new update 'kde3.4.99'
2011-05-06T01:21:14 Checking update-file '/usr/share/kde4/apps/kconf_update/kcmdisplayrc.upd' for new updates
2011-05-06T01:21:14 Checking update-file '/usr/share/kde4/apps/kconf_update/kwin_on_off.upd' for new updates
2011-05-06T01:21:14 Checking update-file '/usr/share/kde4/apps/kconf_update/plasma-to-plasmadesktop-shortcuts.upd' for new updates
2011-05-06T01:21:14 Checking update-file '/usr/share/kde4/apps/kconf_update/kio_help.upd' for new updates
2011-05-06T01:21:14 Checking update-file '/usr/share/kde4/apps/kconf_update/kdeui.upd' for new updates
2011-05-06T01:21:14 Checking update-file '/usr/share/kde4/apps/kconf_update/kwinsticky.upd' for new updates
2011-05-06T01:21:14 Checking update-file '/usr/share/kde4/apps/kconf_update/plasmarc-to-plasmadesktoprc.upd' for new updates
2011-05-06T01:21:14 Checking update-file '/usr/share/kde4/apps/kconf_update/kcookiescfg.upd' for new updates
2011-05-06T01:21:14 Checking update-file '/usr/share/kde4/apps/kconf_update/kwin_fsp_workarounds_1.upd' for new updates
2011-05-06T01:21:14 Checking update-file '/usr/share/kde4/apps/kconf_update/ksmserver.upd' for new updates
2011-05-06T01:21:14 Checking update-file '/usr/share/kde4/apps/kconf_update/kwin3_plugin.upd' for new updates
2011-05-06T01:21:14 Checking update-file '/usr/share/kde4/apps/kconf_update/ksslcertificatemanager.upd' for new updates
2011-05-06T01:21:14 Checking update-file '/usr/share/kde4/apps/kconf_update/kaccel.upd' for new updates
2011-05-06T01:21:14 Checking update-file '/usr/share/kde4/apps/kconf_update/kded.upd' for new updates
2011-05-06T01:21:14 Checking update-file '/usr/share/kde4/apps/kconf_update/plasma_popupapplet_fix_groups.upd' for new updates
2011-05-06T01:21:14 Checking update-file '/usr/share/kde4/apps/kconf_update/plasma-add-shortcut-to-menu.upd' for new updates
2011-05-06T01:21:14 plasma-add-shortcut-to-menu.upd: Found new update '4.1LauncherShortcut'
2011-05-06T01:21:14 plasma-add-shortcut-to-menu.upd: !! Script 'plasma-add-shortcut-to-menu-update' not found in line 2 : 'Script=plasma-add-shortcut-to-menu-update'
2011-05-06T01:21:14 Checking update-file '/usr/share/kde4/apps/kconf_update/kwinupdatewindowsettings.upd' for new updates
2011-05-06T01:21:14 Checking update-file '/usr/share/kde4/apps/kconf_update/kioslave.upd' for new updates
2011-05-06T01:21:14 kioslave.upd: Found new update 'kde2.2/r1'
2011-05-06T01:21:14 kioslave.upd: Skipping update 'kde2.2/r1'
2011-05-06T01:21:14 kioslave.upd: File 'kioslaverc' does not exist or empty, skipping
2011-05-06T01:21:14 Checking update-file '/usr/share/kde4/apps/kconf_update/mailtransports.upd' for new updates
2011-05-06T01:21:14 Checking update-file '/usr/share/kde4/apps/kconf_update/kwin_focus2.upd' for new updates
2011-05-06T01:21:14 Checking update-file '/usr/share/kde4/apps/kconf_update/kwin_update_tabbox_settings.upd' for new updates
2011-05-06T01:21:14 Checking update-file '/usr/share/kde4/apps/kconf_update/kwiniconify.upd' for new updates
2011-05-06T01:21:14 Checking update-file '/usr/share/kde4/apps/kconf_update/kwin.upd' for new updates
2011-05-06T01:21:14 Checking update-file '/usr/share/kde4/apps/kconf_update/kwin_focus1.upd' for new updates
2011-05-06T01:21:14 Checking update-file '/usr/share/kde4/apps/kconf_update/krdb.upd' for new updates
2011-05-06T01:21:14 Checking update-file '/usr/share/kde4/apps/kconf_update/kwin_window_shortcuts.upd' for new updates
2011-05-06T01:21:14 Checking update-file '/usr/share/kde4/apps/kconf_update/mouse_cursor_theme.upd' for new updates
